   1              		.syntax unified
   2              		.cpu cortex-m3
   3              		.fpu softvfp
   4              		.eabi_attribute 20, 1
   5              		.eabi_attribute 21, 1
   6              		.eabi_attribute 23, 3
   7              		.eabi_attribute 24, 1
   8              		.eabi_attribute 25, 1
   9              		.eabi_attribute 26, 1
  10              		.eabi_attribute 30, 1
  11              		.eabi_attribute 34, 1
  12              		.eabi_attribute 18, 4
  13              		.thumb
  14              		.file	"fattime.c"
  15              		.text
  16              	.Ltext0:
  17              		.cfi_sections	.debug_frame
  18              		.section	.text.get_fattime,"ax",%progbits
  19              		.align	2
  20              		.global	get_fattime
  21              		.thumb
  22              		.thumb_func
  24              	get_fattime:
  25              	.LFB29:
  26              		.file 1 ".\\FatFs/fattime.c"
   1:.\FatFs/fattime.c **** /* Martin Thomas 4/2009 */
   2:.\FatFs/fattime.c **** 
   3:.\FatFs/fattime.c **** #include "integer.h"
   4:.\FatFs/fattime.c **** #include "fattime.h"
   5:.\FatFs/fattime.c **** //#include "rtc.h"
   6:.\FatFs/fattime.c **** 
   7:.\FatFs/fattime.c **** /*
   8:.\FatFs/fattime.c **** DWORD get_fattime (void)
   9:.\FatFs/fattime.c **** {
  10:.\FatFs/fattime.c **** 	DWORD res;
  11:.\FatFs/fattime.c **** 	RTC_t rtc;
  12:.\FatFs/fattime.c **** 
  13:.\FatFs/fattime.c **** 	rtc_gettime( &rtc );
  14:.\FatFs/fattime.c **** 	
  15:.\FatFs/fattime.c **** 	res =  (((1980) << 25)
  16:.\FatFs/fattime.c **** 			| ( << 21)
  17:.\FatFs/fattime.c **** 			| ((DWORD)rtc.mday << 16)
  18:.\FatFs/fattime.c **** 			| (WORD)(rtc.hour << 11)
  19:.\FatFs/fattime.c **** 			| (WORD)(rtc.min << 5)
  20:.\FatFs/fattime.c **** 			| (WORD)(rtc.sec >> 1);
  21:.\FatFs/fattime.c **** 
  22:.\FatFs/fattime.c **** 	return res;
  23:.\FatFs/fattime.c **** }
  24:.\FatFs/fattime.c **** */
  25:.\FatFs/fattime.c **** 
  26:.\FatFs/fattime.c **** //Use custom get_fattime function
  27:.\FatFs/fattime.c **** //Implement RTC get time here if you need it
  28:.\FatFs/fattime.c **** DWORD get_fattime (void) {
  27              		.loc 1 28 0
  28              		.cfi_startproc
  29              		@ args = 0, pretend = 0, frame = 0
  30              		@ frame_needed = 0, uses_anonymous_args = 0
  31              		@ link register save eliminated.
  29:.\FatFs/fattime.c **** 	return	  ((DWORD)(2014 - 1980) << 25)	// Year 2014
  30:.\FatFs/fattime.c **** 			| ((DWORD)7 << 21)				// Month 7
  31:.\FatFs/fattime.c **** 			| ((DWORD)10 << 16)				// Mday 10
  32:.\FatFs/fattime.c **** 			| ((DWORD)16 << 11)				// Hour 16
  33:.\FatFs/fattime.c **** 			| ((DWORD)0 << 5)				// Min 0
  34:.\FatFs/fattime.c **** 			| ((DWORD)0 >> 1);				// Sec 0
  35:.\FatFs/fattime.c **** }
  32              		.loc 1 35 0
  33 0000 0048     		ldr	r0, .L2
  34 0002 7047     		bx	lr
  35              	.L3:
  36              		.align	2
  37              	.L2:
  38 0004 0080EA44 		.word	1156218880
  39              		.cfi_endproc
  40              	.LFE29:
  42              		.text
  43              	.Letext0:
  44              		.file 2 ".\\FatFs/integer.h"
  45              		.file 3 ".\\CMSIS/core_cm3.h"
DEFINED SYMBOLS
                            *ABS*:00000000 fattime.c
C:\Users\Admin\AppData\Local\Temp\ccCBqDug.s:19     .text.get_fattime:00000000 $t
C:\Users\Admin\AppData\Local\Temp\ccCBqDug.s:24     .text.get_fattime:00000000 get_fattime
C:\Users\Admin\AppData\Local\Temp\ccCBqDug.s:38     .text.get_fattime:00000004 $d
                     .debug_frame:00000010 $d

NO UNDEFINED SYMBOLS
