   1              		.syntax unified
   2              		.cpu cortex-m3
   3              		.fpu softvfp
   4              		.eabi_attribute 20, 1
   5              		.eabi_attribute 21, 1
   6              		.eabi_attribute 23, 3
   7              		.eabi_attribute 24, 1
   8              		.eabi_attribute 25, 1
   9              		.eabi_attribute 26, 1
  10              		.eabi_attribute 30, 1
  11              		.eabi_attribute 34, 1
  12              		.eabi_attribute 18, 4
  13              		.thumb
  14              		.file	"stm32f10x_dbgmcu.c"
  15              		.text
  16              	.Ltext0:
  17              		.cfi_sections	.debug_frame
  18              		.section	.text.DBGMCU_GetREVID,"ax",%progbits
  19              		.align	2
  20              		.global	DBGMCU_GetREVID
  21              		.thumb
  22              		.thumb_func
  24              	DBGMCU_GetREVID:
  25              	.LFB29:
  26              		.file 1 ".\\StdPeriphLib\\src/stm32f10x_dbgmcu.c"
   1:.\StdPeriphLib\src/stm32f10x_dbgmcu.c **** /**
   2:.\StdPeriphLib\src/stm32f10x_dbgmcu.c ****   ******************************************************************************
   3:.\StdPeriphLib\src/stm32f10x_dbgmcu.c ****   * @file    stm32f10x_dbgmcu.c
   4:.\StdPeriphLib\src/stm32f10x_dbgmcu.c ****   * @author  MCD Application Team
   5:.\StdPeriphLib\src/stm32f10x_dbgmcu.c ****   * @version V3.5.0
   6:.\StdPeriphLib\src/stm32f10x_dbgmcu.c ****   * @date    11-March-2011
   7:.\StdPeriphLib\src/stm32f10x_dbgmcu.c ****   * @brief   This file provides all the DBGMCU firmware functions.
   8:.\StdPeriphLib\src/stm32f10x_dbgmcu.c ****   ******************************************************************************
   9:.\StdPeriphLib\src/stm32f10x_dbgmcu.c ****   * @attention
  10:.\StdPeriphLib\src/stm32f10x_dbgmcu.c ****   *
  11:.\StdPeriphLib\src/stm32f10x_dbgmcu.c ****   * THE PRESENT FIRMWARE WHICH IS FOR GUIDANCE ONLY AIMS AT PROVIDING CUSTOMERS
  12:.\StdPeriphLib\src/stm32f10x_dbgmcu.c ****   * WITH CODING INFORMATION REGARDING THEIR PRODUCTS IN ORDER FOR THEM TO SAVE
  13:.\StdPeriphLib\src/stm32f10x_dbgmcu.c ****   * TIME. AS A RESULT, STMICROELECTRONICS SHALL NOT BE HELD LIABLE FOR ANY
  14:.\StdPeriphLib\src/stm32f10x_dbgmcu.c ****   * DIRECT, INDIRECT OR CONSEQUENTIAL DAMAGES WITH RESPECT TO ANY CLAIMS ARISING
  15:.\StdPeriphLib\src/stm32f10x_dbgmcu.c ****   * FROM THE CONTENT OF SUCH FIRMWARE AND/OR THE USE MADE BY CUSTOMERS OF THE
  16:.\StdPeriphLib\src/stm32f10x_dbgmcu.c ****   * CODING INFORMATION CONTAINED HEREIN IN CONNECTION WITH THEIR PRODUCTS.
  17:.\StdPeriphLib\src/stm32f10x_dbgmcu.c ****   *
  18:.\StdPeriphLib\src/stm32f10x_dbgmcu.c ****   * <h2><center>&copy; COPYRIGHT 2011 STMicroelectronics</center></h2>
  19:.\StdPeriphLib\src/stm32f10x_dbgmcu.c ****   ******************************************************************************
  20:.\StdPeriphLib\src/stm32f10x_dbgmcu.c ****   */
  21:.\StdPeriphLib\src/stm32f10x_dbgmcu.c **** 
  22:.\StdPeriphLib\src/stm32f10x_dbgmcu.c **** /* Includes ------------------------------------------------------------------*/
  23:.\StdPeriphLib\src/stm32f10x_dbgmcu.c **** #include "stm32f10x_dbgmcu.h"
  24:.\StdPeriphLib\src/stm32f10x_dbgmcu.c **** 
  25:.\StdPeriphLib\src/stm32f10x_dbgmcu.c **** /** @addtogroup STM32F10x_StdPeriph_Driver
  26:.\StdPeriphLib\src/stm32f10x_dbgmcu.c ****   * @{
  27:.\StdPeriphLib\src/stm32f10x_dbgmcu.c ****   */
  28:.\StdPeriphLib\src/stm32f10x_dbgmcu.c **** 
  29:.\StdPeriphLib\src/stm32f10x_dbgmcu.c **** /** @defgroup DBGMCU 
  30:.\StdPeriphLib\src/stm32f10x_dbgmcu.c ****   * @brief DBGMCU driver modules
  31:.\StdPeriphLib\src/stm32f10x_dbgmcu.c ****   * @{
  32:.\StdPeriphLib\src/stm32f10x_dbgmcu.c ****   */ 
  33:.\StdPeriphLib\src/stm32f10x_dbgmcu.c **** 
  34:.\StdPeriphLib\src/stm32f10x_dbgmcu.c **** /** @defgroup DBGMCU_Private_TypesDefinitions
  35:.\StdPeriphLib\src/stm32f10x_dbgmcu.c ****   * @{
  36:.\StdPeriphLib\src/stm32f10x_dbgmcu.c ****   */
  37:.\StdPeriphLib\src/stm32f10x_dbgmcu.c **** 
  38:.\StdPeriphLib\src/stm32f10x_dbgmcu.c **** /**
  39:.\StdPeriphLib\src/stm32f10x_dbgmcu.c ****   * @}
  40:.\StdPeriphLib\src/stm32f10x_dbgmcu.c ****   */
  41:.\StdPeriphLib\src/stm32f10x_dbgmcu.c **** 
  42:.\StdPeriphLib\src/stm32f10x_dbgmcu.c **** /** @defgroup DBGMCU_Private_Defines
  43:.\StdPeriphLib\src/stm32f10x_dbgmcu.c ****   * @{
  44:.\StdPeriphLib\src/stm32f10x_dbgmcu.c ****   */
  45:.\StdPeriphLib\src/stm32f10x_dbgmcu.c **** 
  46:.\StdPeriphLib\src/stm32f10x_dbgmcu.c **** #define IDCODE_DEVID_MASK    ((uint32_t)0x00000FFF)
  47:.\StdPeriphLib\src/stm32f10x_dbgmcu.c **** /**
  48:.\StdPeriphLib\src/stm32f10x_dbgmcu.c ****   * @}
  49:.\StdPeriphLib\src/stm32f10x_dbgmcu.c ****   */
  50:.\StdPeriphLib\src/stm32f10x_dbgmcu.c **** 
  51:.\StdPeriphLib\src/stm32f10x_dbgmcu.c **** /** @defgroup DBGMCU_Private_Macros
  52:.\StdPeriphLib\src/stm32f10x_dbgmcu.c ****   * @{
  53:.\StdPeriphLib\src/stm32f10x_dbgmcu.c ****   */
  54:.\StdPeriphLib\src/stm32f10x_dbgmcu.c **** 
  55:.\StdPeriphLib\src/stm32f10x_dbgmcu.c **** /**
  56:.\StdPeriphLib\src/stm32f10x_dbgmcu.c ****   * @}
  57:.\StdPeriphLib\src/stm32f10x_dbgmcu.c ****   */
  58:.\StdPeriphLib\src/stm32f10x_dbgmcu.c **** 
  59:.\StdPeriphLib\src/stm32f10x_dbgmcu.c **** /** @defgroup DBGMCU_Private_Variables
  60:.\StdPeriphLib\src/stm32f10x_dbgmcu.c ****   * @{
  61:.\StdPeriphLib\src/stm32f10x_dbgmcu.c ****   */
  62:.\StdPeriphLib\src/stm32f10x_dbgmcu.c **** 
  63:.\StdPeriphLib\src/stm32f10x_dbgmcu.c **** /**
  64:.\StdPeriphLib\src/stm32f10x_dbgmcu.c ****   * @}
  65:.\StdPeriphLib\src/stm32f10x_dbgmcu.c ****   */
  66:.\StdPeriphLib\src/stm32f10x_dbgmcu.c **** 
  67:.\StdPeriphLib\src/stm32f10x_dbgmcu.c **** /** @defgroup DBGMCU_Private_FunctionPrototypes
  68:.\StdPeriphLib\src/stm32f10x_dbgmcu.c ****   * @{
  69:.\StdPeriphLib\src/stm32f10x_dbgmcu.c ****   */
  70:.\StdPeriphLib\src/stm32f10x_dbgmcu.c **** 
  71:.\StdPeriphLib\src/stm32f10x_dbgmcu.c **** /**
  72:.\StdPeriphLib\src/stm32f10x_dbgmcu.c ****   * @}
  73:.\StdPeriphLib\src/stm32f10x_dbgmcu.c ****   */
  74:.\StdPeriphLib\src/stm32f10x_dbgmcu.c **** 
  75:.\StdPeriphLib\src/stm32f10x_dbgmcu.c **** /** @defgroup DBGMCU_Private_Functions
  76:.\StdPeriphLib\src/stm32f10x_dbgmcu.c ****   * @{
  77:.\StdPeriphLib\src/stm32f10x_dbgmcu.c ****   */
  78:.\StdPeriphLib\src/stm32f10x_dbgmcu.c **** 
  79:.\StdPeriphLib\src/stm32f10x_dbgmcu.c **** /**
  80:.\StdPeriphLib\src/stm32f10x_dbgmcu.c ****   * @brief  Returns the device revision identifier.
  81:.\StdPeriphLib\src/stm32f10x_dbgmcu.c ****   * @param  None
  82:.\StdPeriphLib\src/stm32f10x_dbgmcu.c ****   * @retval Device revision identifier
  83:.\StdPeriphLib\src/stm32f10x_dbgmcu.c ****   */
  84:.\StdPeriphLib\src/stm32f10x_dbgmcu.c **** uint32_t DBGMCU_GetREVID(void)
  85:.\StdPeriphLib\src/stm32f10x_dbgmcu.c **** {
  27              		.loc 1 85 0
  28              		.cfi_startproc
  29              		@ args = 0, pretend = 0, frame = 0
  30              		@ frame_needed = 0, uses_anonymous_args = 0
  31              		@ link register save eliminated.
  86:.\StdPeriphLib\src/stm32f10x_dbgmcu.c ****    return(DBGMCU->IDCODE >> 16);
  32              		.loc 1 86 0
  33 0000 014B     		ldr	r3, .L2
  34 0002 1868     		ldr	r0, [r3]
  87:.\StdPeriphLib\src/stm32f10x_dbgmcu.c **** }
  35              		.loc 1 87 0
  36 0004 000C     		lsrs	r0, r0, #16
  37 0006 7047     		bx	lr
  38              	.L3:
  39              		.align	2
  40              	.L2:
  41 0008 002004E0 		.word	-536600576
  42              		.cfi_endproc
  43              	.LFE29:
  45              		.section	.text.DBGMCU_GetDEVID,"ax",%progbits
  46              		.align	2
  47              		.global	DBGMCU_GetDEVID
  48              		.thumb
  49              		.thumb_func
  51              	DBGMCU_GetDEVID:
  52              	.LFB30:
  88:.\StdPeriphLib\src/stm32f10x_dbgmcu.c **** 
  89:.\StdPeriphLib\src/stm32f10x_dbgmcu.c **** /**
  90:.\StdPeriphLib\src/stm32f10x_dbgmcu.c ****   * @brief  Returns the device identifier.
  91:.\StdPeriphLib\src/stm32f10x_dbgmcu.c ****   * @param  None
  92:.\StdPeriphLib\src/stm32f10x_dbgmcu.c ****   * @retval Device identifier
  93:.\StdPeriphLib\src/stm32f10x_dbgmcu.c ****   */
  94:.\StdPeriphLib\src/stm32f10x_dbgmcu.c **** uint32_t DBGMCU_GetDEVID(void)
  95:.\StdPeriphLib\src/stm32f10x_dbgmcu.c **** {
  53              		.loc 1 95 0
  54              		.cfi_startproc
  55              		@ args = 0, pretend = 0, frame = 0
  56              		@ frame_needed = 0, uses_anonymous_args = 0
  57              		@ link register save eliminated.
  96:.\StdPeriphLib\src/stm32f10x_dbgmcu.c ****    return(DBGMCU->IDCODE & IDCODE_DEVID_MASK);
  58              		.loc 1 96 0
  59 0000 024B     		ldr	r3, .L5
  60 0002 1868     		ldr	r0, [r3]
  97:.\StdPeriphLib\src/stm32f10x_dbgmcu.c **** }
  61              		.loc 1 97 0
  62 0004 C0F30B00 		ubfx	r0, r0, #0, #12
  63 0008 7047     		bx	lr
  64              	.L6:
  65 000a 00BF     		.align	2
  66              	.L5:
  67 000c 002004E0 		.word	-536600576
  68              		.cfi_endproc
  69              	.LFE30:
  71              		.section	.text.DBGMCU_Config,"ax",%progbits
  72              		.align	2
  73              		.global	DBGMCU_Config
  74              		.thumb
  75              		.thumb_func
  77              	DBGMCU_Config:
  78              	.LFB31:
  98:.\StdPeriphLib\src/stm32f10x_dbgmcu.c **** 
  99:.\StdPeriphLib\src/stm32f10x_dbgmcu.c **** /**
 100:.\StdPeriphLib\src/stm32f10x_dbgmcu.c ****   * @brief  Configures the specified peripheral and low power mode behavior
 101:.\StdPeriphLib\src/stm32f10x_dbgmcu.c ****   *   when the MCU under Debug mode.
 102:.\StdPeriphLib\src/stm32f10x_dbgmcu.c ****   * @param  DBGMCU_Periph: specifies the peripheral and low power mode.
 103:.\StdPeriphLib\src/stm32f10x_dbgmcu.c ****   *   This parameter can be any combination of the following values:
 104:.\StdPeriphLib\src/stm32f10x_dbgmcu.c ****   *     @arg DBGMCU_SLEEP: Keep debugger connection during SLEEP mode              
 105:.\StdPeriphLib\src/stm32f10x_dbgmcu.c ****   *     @arg DBGMCU_STOP: Keep debugger connection during STOP mode               
 106:.\StdPeriphLib\src/stm32f10x_dbgmcu.c ****   *     @arg DBGMCU_STANDBY: Keep debugger connection during STANDBY mode            
 107:.\StdPeriphLib\src/stm32f10x_dbgmcu.c ****   *     @arg DBGMCU_IWDG_STOP: Debug IWDG stopped when Core is halted          
 108:.\StdPeriphLib\src/stm32f10x_dbgmcu.c ****   *     @arg DBGMCU_WWDG_STOP: Debug WWDG stopped when Core is halted          
 109:.\StdPeriphLib\src/stm32f10x_dbgmcu.c ****   *     @arg DBGMCU_TIM1_STOP: TIM1 counter stopped when Core is halted          
 110:.\StdPeriphLib\src/stm32f10x_dbgmcu.c ****   *     @arg DBGMCU_TIM2_STOP: TIM2 counter stopped when Core is halted          
 111:.\StdPeriphLib\src/stm32f10x_dbgmcu.c ****   *     @arg DBGMCU_TIM3_STOP: TIM3 counter stopped when Core is halted          
 112:.\StdPeriphLib\src/stm32f10x_dbgmcu.c ****   *     @arg DBGMCU_TIM4_STOP: TIM4 counter stopped when Core is halted          
 113:.\StdPeriphLib\src/stm32f10x_dbgmcu.c ****   *     @arg DBGMCU_CAN1_STOP: Debug CAN2 stopped when Core is halted           
 114:.\StdPeriphLib\src/stm32f10x_dbgmcu.c ****   *     @arg DBGMCU_I2C1_SMBUS_TIMEOUT: I2C1 SMBUS timeout mode stopped when Core is halted
 115:.\StdPeriphLib\src/stm32f10x_dbgmcu.c ****   *     @arg DBGMCU_I2C2_SMBUS_TIMEOUT: I2C2 SMBUS timeout mode stopped when Core is halted
 116:.\StdPeriphLib\src/stm32f10x_dbgmcu.c ****   *     @arg DBGMCU_TIM5_STOP: TIM5 counter stopped when Core is halted          
 117:.\StdPeriphLib\src/stm32f10x_dbgmcu.c ****   *     @arg DBGMCU_TIM6_STOP: TIM6 counter stopped when Core is halted          
 118:.\StdPeriphLib\src/stm32f10x_dbgmcu.c ****   *     @arg DBGMCU_TIM7_STOP: TIM7 counter stopped when Core is halted          
 119:.\StdPeriphLib\src/stm32f10x_dbgmcu.c ****   *     @arg DBGMCU_TIM8_STOP: TIM8 counter stopped when Core is halted
 120:.\StdPeriphLib\src/stm32f10x_dbgmcu.c ****   *     @arg DBGMCU_CAN2_STOP: Debug CAN2 stopped when Core is halted 
 121:.\StdPeriphLib\src/stm32f10x_dbgmcu.c ****   *     @arg DBGMCU_TIM15_STOP: TIM15 counter stopped when Core is halted
 122:.\StdPeriphLib\src/stm32f10x_dbgmcu.c ****   *     @arg DBGMCU_TIM16_STOP: TIM16 counter stopped when Core is halted
 123:.\StdPeriphLib\src/stm32f10x_dbgmcu.c ****   *     @arg DBGMCU_TIM17_STOP: TIM17 counter stopped when Core is halted                
 124:.\StdPeriphLib\src/stm32f10x_dbgmcu.c ****   *     @arg DBGMCU_TIM9_STOP: TIM9 counter stopped when Core is halted
 125:.\StdPeriphLib\src/stm32f10x_dbgmcu.c ****   *     @arg DBGMCU_TIM10_STOP: TIM10 counter stopped when Core is halted
 126:.\StdPeriphLib\src/stm32f10x_dbgmcu.c ****   *     @arg DBGMCU_TIM11_STOP: TIM11 counter stopped when Core is halted
 127:.\StdPeriphLib\src/stm32f10x_dbgmcu.c ****   *     @arg DBGMCU_TIM12_STOP: TIM12 counter stopped when Core is halted
 128:.\StdPeriphLib\src/stm32f10x_dbgmcu.c ****   *     @arg DBGMCU_TIM13_STOP: TIM13 counter stopped when Core is halted
 129:.\StdPeriphLib\src/stm32f10x_dbgmcu.c ****   *     @arg DBGMCU_TIM14_STOP: TIM14 counter stopped when Core is halted
 130:.\StdPeriphLib\src/stm32f10x_dbgmcu.c ****   * @param  NewState: new state of the specified peripheral in Debug mode.
 131:.\StdPeriphLib\src/stm32f10x_dbgmcu.c ****   *   This parameter can be: ENABLE or DISABLE.
 132:.\StdPeriphLib\src/stm32f10x_dbgmcu.c ****   * @retval None
 133:.\StdPeriphLib\src/stm32f10x_dbgmcu.c ****   */
 134:.\StdPeriphLib\src/stm32f10x_dbgmcu.c **** void DBGMCU_Config(uint32_t DBGMCU_Periph, FunctionalState NewState)
 135:.\StdPeriphLib\src/stm32f10x_dbgmcu.c **** {
  79              		.loc 1 135 0
  80              		.cfi_startproc
  81              		@ args = 0, pretend = 0, frame = 0
  82              		@ frame_needed = 0, uses_anonymous_args = 0
  83              		@ link register save eliminated.
  84              	.LVL0:
 136:.\StdPeriphLib\src/stm32f10x_dbgmcu.c ****   /* Check the parameters */
 137:.\StdPeriphLib\src/stm32f10x_dbgmcu.c ****   assert_param(IS_DBGMCU_PERIPH(DBGMCU_Periph));
 138:.\StdPeriphLib\src/stm32f10x_dbgmcu.c ****   assert_param(IS_FUNCTIONAL_STATE(NewState));
 139:.\StdPeriphLib\src/stm32f10x_dbgmcu.c **** 
 140:.\StdPeriphLib\src/stm32f10x_dbgmcu.c ****   if (NewState != DISABLE)
  85              		.loc 1 140 0
  86 0000 21B1     		cbz	r1, .L8
 141:.\StdPeriphLib\src/stm32f10x_dbgmcu.c ****   {
 142:.\StdPeriphLib\src/stm32f10x_dbgmcu.c ****     DBGMCU->CR |= DBGMCU_Periph;
  87              		.loc 1 142 0
  88 0002 054A     		ldr	r2, .L10
  89 0004 5368     		ldr	r3, [r2, #4]
  90 0006 1843     		orrs	r0, r0, r3
  91              	.LVL1:
  92 0008 5060     		str	r0, [r2, #4]
  93 000a 7047     		bx	lr
  94              	.LVL2:
  95              	.L8:
 143:.\StdPeriphLib\src/stm32f10x_dbgmcu.c ****   }
 144:.\StdPeriphLib\src/stm32f10x_dbgmcu.c ****   else
 145:.\StdPeriphLib\src/stm32f10x_dbgmcu.c ****   {
 146:.\StdPeriphLib\src/stm32f10x_dbgmcu.c ****     DBGMCU->CR &= ~DBGMCU_Periph;
  96              		.loc 1 146 0
  97 000c 024A     		ldr	r2, .L10
  98 000e 5368     		ldr	r3, [r2, #4]
  99 0010 23EA0000 		bic	r0, r3, r0
 100              	.LVL3:
 101 0014 5060     		str	r0, [r2, #4]
 102 0016 7047     		bx	lr
 103              	.L11:
 104              		.align	2
 105              	.L10:
 106 0018 002004E0 		.word	-536600576
 107              		.cfi_endproc
 108              	.LFE31:
 110              		.text
 111              	.Letext0:
 112              		.file 2 "c:\\sublime text build 3126\\gnu tools arm embedded\\arm-none-eabi\\include\\machine\\_de
 113              		.file 3 "c:\\sublime text build 3126\\gnu tools arm embedded\\arm-none-eabi\\include\\sys\\_stdint
 114              		.file 4 ".\\CMSIS/stm32f10x.h"
 115              		.file 5 ".\\CMSIS/core_cm3.h"
DEFINED SYMBOLS
                            *ABS*:00000000 stm32f10x_dbgmcu.c
C:\DOCUME~1\C4C4~1\LOCALS~1\Temp\ccPn5KBQ.s:19     .text.DBGMCU_GetREVID:00000000 $t
C:\DOCUME~1\C4C4~1\LOCALS~1\Temp\ccPn5KBQ.s:24     .text.DBGMCU_GetREVID:00000000 DBGMCU_GetREVID
C:\DOCUME~1\C4C4~1\LOCALS~1\Temp\ccPn5KBQ.s:41     .text.DBGMCU_GetREVID:00000008 $d
C:\DOCUME~1\C4C4~1\LOCALS~1\Temp\ccPn5KBQ.s:46     .text.DBGMCU_GetDEVID:00000000 $t
C:\DOCUME~1\C4C4~1\LOCALS~1\Temp\ccPn5KBQ.s:51     .text.DBGMCU_GetDEVID:00000000 DBGMCU_GetDEVID
C:\DOCUME~1\C4C4~1\LOCALS~1\Temp\ccPn5KBQ.s:67     .text.DBGMCU_GetDEVID:0000000c $d
C:\DOCUME~1\C4C4~1\LOCALS~1\Temp\ccPn5KBQ.s:72     .text.DBGMCU_Config:00000000 $t
C:\DOCUME~1\C4C4~1\LOCALS~1\Temp\ccPn5KBQ.s:77     .text.DBGMCU_Config:00000000 DBGMCU_Config
C:\DOCUME~1\C4C4~1\LOCALS~1\Temp\ccPn5KBQ.s:106    .text.DBGMCU_Config:00000018 $d
                     .debug_frame:00000010 $d

NO UNDEFINED SYMBOLS
